[2025-04-07T03:55:20.336Z] [ERROR] Radius API error for user 67e007f14ca04a8eaf9f9694: Cannot read properties of undefined (reading 'substring')
[2025-04-07T03:56:42.390Z] [ERROR] Radius API error for user 67e007f14ca04a8eaf9f9694: Cannot read properties of undefined (reading 'substring')
[2025-04-07T03:57:17.283Z] [ERROR] Radius API error for user 67e007f14ca04a8eaf9f9694: Cannot read properties of undefined (reading 'substring')
[2025-04-07T04:19:19.566Z] [ERROR] Radius API error for user 67e007f14ca04a8eaf9f9694: Request failed with status code 500
[2025-04-07T04:20:33.653Z] [ERROR] Radius API error for user 67e007f14ca04a8eaf9f9694: Request failed with status code 500
[2025-04-07T04:21:58.501Z] [ERROR] Radius API error for user 67e007f14ca04a8eaf9f9694: Request failed with status code 500
[2025-04-07T04:23:05.937Z] [ERROR] Radius API error for user 67e007f14ca04a8eaf9f9694: Request failed with status code 500
[2025-04-07T04:27:32.143Z] [ERROR] Radius API error for user 67e007f14ca04a8eaf9f9694: Request failed with status code 500
[2025-04-07T04:28:47.044Z] [ERROR] Radius API error for user 67e007f14ca04a8eaf9f9694: Request failed with status code 500
[2025-04-07T04:29:58.628Z] [ERROR] Radius API error for user 67e007f14ca04a8eaf9f9694: Request failed with status code 500
[2025-04-07T04:32:18.574Z] [ERROR] Radius API error for user 67e007f14ca04a8eaf9f9694: Request failed with status code 500
[2025-04-07T04:33:40.291Z] [ERROR] Radius API error for user 67e007f14ca04a8eaf9f9694: Request failed with status code 500
[2025-04-07T04:34:32.460Z] [ERROR] Radius API error for user 67e007f14ca04a8eaf9f9694: Request failed with status code 500
[2025-04-07T04:40:20.313Z] [ERROR] Radius API error for user 67e007f14ca04a8eaf9f9694: Request failed with status code 500
[2025-04-07T04:42:32.894Z] [ERROR] Sempris API error: Request failed with status code 401
[2025-04-07T04:45:12.761Z] [ERROR] Sempris API error: Request failed with status code 401
[2025-04-07T05:38:33.421Z] [ERROR] Sempris API error: Request failed with status code 401
[2025-04-07T05:39:34.715Z] [ERROR] Sempris API error: Request failed with status code 401
[2025-04-07T05:40:31.840Z] [ERROR] Sempris API error: Request failed with status code 401
[2025-04-07T05:46:20.944Z] [ERROR] Radius API error for user 67e007f14ca04a8eaf9f9694: Request failed with status code 500
[2025-04-07T05:53:37.905Z] [ERROR] Radius API error for user 67e97d0e7ba85fc4b60ca05a: Request failed with status code 500
[2025-04-07T05:55:39.819Z] [ERROR] Radius API error for user 67e97d0e7ba85fc4b60ca05a: Request failed with status code 500
[2025-04-07T05:56:44.791Z] [ERROR] Radius API error for user 67e97d0e7ba85fc4b60ca05a: Request failed with status code 500
[2025-04-27T16:09:50.624Z] [ERROR] Radius API error for user 67e007f14ca04a8eaf9f9694: Request failed with status code 500
[2025-07-09T15:45:28.608Z] [ERROR] Radius API error for user 686d3a939ac027007907826f: Request failed with status code 500
[2025-07-14T05:32:36.411Z] [ERROR] Radius API error for user 686d3a939ac027007907826f: Request failed with status code 500
[2025-07-14T05:41:01.354Z] [ERROR] Radius API error for user 686d3a939ac027007907826f: Request failed with status code 500
[2025-07-14T05:42:51.566Z] [ERROR] Radius API error for user 686d3a939ac027007907826f: Request failed with status code 500
[2025-07-28T03:41:17.199Z] [ERROR] Radius API error for user 686d3a939ac027007907826f: Request failed with status code 500
[2025-07-28T03:41:50.496Z] [ERROR] Radius API error for user 686d3a939ac027007907826f: Request failed with status code 500
[2025-07-29T09:11:23.681Z] [ERROR] Radius API error for user 686d3a939ac027007907826f: Request failed with status code 500
[2025-07-29T09:25:44.050Z] [ERROR] Radius API error for user 686d3a939ac027007907826f: Request failed with status code 401
[2025-07-29T09:26:39.854Z] [ERROR] Radius API error for user 686d3a939ac027007907826f: Request failed with status code 401
[2025-07-30T09:42:04.852Z] [ERROR] Sempris API error: Request failed with status code 401
[2025-07-30T09:47:58.661Z] [ERROR] Sempris API error: Request failed with status code 401
[2025-08-08T16:09:46.084Z] [ERROR] Sublytics API error: Request failed with status code 400
[2025-08-08T16:13:27.034Z] [ERROR] Sublytics API error: Request failed with status code 400
[2025-08-08T16:19:13.482Z] [ERROR] Sublytics API error: Request failed with status code 400
[2025-08-08T16:56:29.342Z] [ERROR] Sublytics API error: Request failed with status code 400
[2025-08-08T16:57:31.202Z] [ERROR] Sublytics API error: Request failed with status code 400
[2025-08-08T17:03:52.940Z] [ERROR] Sublytics API error: Request failed with status code 400
[2025-08-08T17:05:28.093Z] [ERROR] Sublytics API error: Request failed with status code 400
[2025-08-08T17:10:12.575Z] [ERROR] Sublytics API error: Request failed with status code 400
[2025-08-08T17:29:57.118Z] [ERROR] Sublytics API error: Request failed with status code 400
[2025-08-08T17:30:46.179Z] [ERROR] Sublytics API error: Request failed with status code 400
[2025-08-08T17:32:23.268Z] [ERROR] Sublytics API error: This card type is not currently accepted. Please use a different payment method.
[2025-08-08T17:37:22.385Z] [ERROR] Sublytics API error: Request failed with status code 400
[2025-08-24T15:52:22.838Z] [ERROR] Error creating MI order:
[2025-08-24T16:03:03.488Z] [ERROR] Error creating MI order:
[2025-08-24T16:03:03.492Z] [ERROR] Request body:
[2025-08-29T15:06:06.926Z] [ERROR] Error creating MI order:
[2025-08-29T15:06:06.929Z] [ERROR] Request body:
[2025-08-29T15:07:05.356Z] [ERROR] Error creating MI order:
[2025-08-29T15:07:05.357Z] [ERROR] Request body:
[2025-08-29T15:08:08.217Z] [ERROR] Error creating MI order:
[2025-08-29T15:08:08.219Z] [ERROR] Request body:
[2025-08-31T16:18:17.899Z] [ERROR] Error creating MI order:
[2025-08-31T16:18:17.902Z] [ERROR] Request body:
[2025-11-12T10:41:33.920Z] [ERROR] Sublytics API error: Request failed with status code 400
[2025-11-12T10:42:32.965Z] [ERROR] Sublytics API error: Request failed with status code 400
[2025-11-16T16:14:40.551Z] [ERROR] Sublytics API error: Request failed with status code 400
[2025-11-16T16:15:09.182Z] [ERROR] Sublytics API error: Request failed with status code 400
[2025-12-23T18:05:38.195Z] [ERROR] importSale API error: Request failed with status code 403
[2025-12-23T18:05:38.201Z] [ERROR] Failed to persist importSale order
[2025-12-24T10:21:49.211Z] [ERROR] importSale API error: Request failed with status code 403
[2025-12-24T10:21:49.219Z] [ERROR] Failed to persist importSale order
[2025-12-24T10:25:02.846Z] [ERROR] importSale API error: Request failed with status code 403
[2025-12-24T10:25:02.855Z] [ERROR] Failed to persist importSale order
[2025-12-24T10:26:15.694Z] [ERROR] importSale API error: Request failed with status code 403
[2025-12-24T10:26:15.697Z] [ERROR] Failed to persist importSale order
[2025-12-24T10:28:35.478Z] [ERROR] importSale API error: Request failed with status code 403
[2025-12-24T10:28:35.485Z] [ERROR] Failed to persist importSale order
[2026-01-10T04:38:03.473Z] [ERROR] importSale API error: Request failed with status code 403
[2026-01-10T04:38:03.478Z] [ERROR] Failed to persist importSale order
[2026-01-12T15:07:23.668Z] [ERROR] importSale API error: Request failed with status code 403
[2026-01-12T15:07:23.675Z] [ERROR] Failed to persist importSale order
