[2025-07-09T15:46:23.004Z] [USER_ACTION] SEMPRIS_API_CALL - {"tracking_number":"72c2407f-bb1c-48df-ac1a-151ff1df1bfb","vendor_id":"STAR"}
[2025-07-09T15:46:24.518Z] [USER_ACTION] SEMPRIS_API_RESPONSE - {"tracking_number":"72c2407f-bb1c-48df-ac1a-151ff1df1bfb","status":200,"transaction_id":"a217c980-ff9d-4250-9979-2176a261e39f"}
[2025-07-14T05:36:17.761Z] [USER_ACTION] SEMPRIS_API_CALL - {"tracking_number":"bd7348ae-eaaf-43b5-be3a-d9db3bd46947","vendor_id":"STAR"}
[2025-07-14T05:36:20.252Z] [USER_ACTION] SEMPRIS_API_RESPONSE - {"tracking_number":"bd7348ae-eaaf-43b5-be3a-d9db3bd46947","status":200,"transaction_id":"c9bd0305-5634-45c5-b726-0ecd9ae7379a"}
[2025-07-14T05:37:46.650Z] [USER_ACTION] SEMPRIS_API_CALL - {"tracking_number":"bd7348ae-eaaf-43b5-be3a-d9db3bd46947","vendor_id":"STAR"}
[2025-07-14T05:37:48.914Z] [USER_ACTION] SEMPRIS_API_RESPONSE - {"tracking_number":"bd7348ae-eaaf-43b5-be3a-d9db3bd46947","status":200,"transaction_id":"104a98e0-617c-4bfa-865a-02e99168febf"}
[2025-07-28T03:42:18.406Z] [USER_ACTION] SEMPRIS_API_CALL - {"tracking_number":"d3231e8b-bd8b-4fa1-9bae-785865ee3889","vendor_id":"STAR"}
[2025-07-28T03:42:26.176Z] [USER_ACTION] SEMPRIS_API_RESPONSE - {"tracking_number":"d3231e8b-bd8b-4fa1-9bae-785865ee3889","status":200,"transaction_id":"5a18fcd0-d7c4-4bb1-bcc7-01cbf5a74c4a"}
[2025-07-30T09:42:03.298Z] [USER_ACTION] SEMPRIS_API_CALL - {"tracking_number":"91d35211-753a-4a8d-8b9e-2deef5e88725","vendor_id":"STAR"}
[2025-07-30T09:47:56.413Z] [USER_ACTION] SEMPRIS_API_CALL - {"tracking_number":"ccca3ec3-33c7-4c83-aa27-b920f53873c6","vendor_id":"STAR"}
[2025-07-30T10:17:23.717Z] [USER_ACTION] SEMPRIS_API_CALL - {"tracking_number":"bc1228b8-25f6-443b-8410-1f2afb658b68","vendor_id":"STAR"}
[2025-07-30T10:17:25.918Z] [USER_ACTION] SEMPRIS_API_RESPONSE - {"tracking_number":"bc1228b8-25f6-443b-8410-1f2afb658b68","status":200,"transaction_id":"b2b1b8f4-af76-4d74-b4e5-732f3c1f6e74"}
[2025-07-30T10:31:20.591Z] [USER_ACTION] SEMPRIS_API_CALL - {"tracking_number":"52bf0959-5079-4daa-9c7a-b5ccefd2ab34","vendor_id":"STAR"}
[2025-07-30T10:31:21.971Z] [USER_ACTION] SEMPRIS_API_RESPONSE - {"tracking_number":"52bf0959-5079-4daa-9c7a-b5ccefd2ab34","status":200,"transaction_id":"39d66362-bd8c-44bb-b83b-69285f3d7d30"}
[2025-07-30T10:34:59.181Z] [USER_ACTION] SEMPRIS_API_CALL - {"tracking_number":"231c487e-c936-46a2-92c0-74c825f76a8d","vendor_id":"STAR"}
[2025-07-30T10:35:00.618Z] [USER_ACTION] SEMPRIS_API_RESPONSE - {"tracking_number":"231c487e-c936-46a2-92c0-74c825f76a8d","status":200,"transaction_id":"254a8185-e892-4ace-84e4-eb793e8daaea"}
[2025-07-30T10:46:43.746Z] [USER_ACTION] SEMPRIS_API_CALL - {"tracking_number":"89ab0daf-772a-4632-af57-c4ef9df895b7","vendor_id":"STAR"}
[2025-07-30T10:46:45.910Z] [USER_ACTION] SEMPRIS_API_RESPONSE - {"tracking_number":"89ab0daf-772a-4632-af57-c4ef9df895b7","status":200,"transaction_id":"963f0527-f30c-4f08-a70c-5ca844e0bf30"}
[2025-07-30T16:56:10.839Z] [USER_ACTION] SEMPRIS_API_CALL - {"tracking_number":"45b44c50-fc58-4f2d-84c0-7da85c1ce657","vendor_id":"STAR"}
[2025-07-30T16:56:13.377Z] [USER_ACTION] SEMPRIS_API_RESPONSE - {"tracking_number":"45b44c50-fc58-4f2d-84c0-7da85c1ce657","status":200,"transaction_id":"301c82fc-b014-48e5-ab13-cef51f630235"}
[2025-07-30T17:00:28.294Z] [USER_ACTION] SEMPRIS_API_CALL - {"tracking_number":"168ef582-4679-4e20-8d89-adb0f7afa487","vendor_id":"STAR"}
[2025-07-30T17:00:33.120Z] [USER_ACTION] SEMPRIS_API_RESPONSE - {"tracking_number":"168ef582-4679-4e20-8d89-adb0f7afa487","status":200,"transaction_id":"a62bcd6e-31a6-4f3c-adbd-11afc3c4d97d"}
[2025-07-30T17:01:12.316Z] [USER_ACTION] SEMPRIS_API_CALL - {"tracking_number":"168ef582-4679-4e20-8d89-adb0f7afa487","vendor_id":"STAR"}
[2025-07-30T17:01:13.756Z] [USER_ACTION] SEMPRIS_API_RESPONSE - {"tracking_number":"168ef582-4679-4e20-8d89-adb0f7afa487","status":200,"transaction_id":"7ea45c38-7f76-4828-aa37-542b9f2b1ded"}
[2025-07-30T17:05:47.785Z] [USER_ACTION] SEMPRIS_API_CALL - {"tracking_number":"d9f8fdcf-64e5-40a3-974a-386fe8125948","vendor_id":"STAR"}
[2025-07-30T17:05:49.307Z] [USER_ACTION] SEMPRIS_API_RESPONSE - {"tracking_number":"d9f8fdcf-64e5-40a3-974a-386fe8125948","status":200,"transaction_id":"bfc9d629-941f-40e8-9713-1f49c179a7de"}
[2025-07-30T17:14:17.049Z] [USER_ACTION] SEMPRIS_API_CALL - {"tracking_number":"1e99d6a9-c5e9-4e47-984c-cd3810674658","vendor_id":"STAR"}
[2025-07-30T17:14:19.175Z] [USER_ACTION] SEMPRIS_API_RESPONSE - {"tracking_number":"1e99d6a9-c5e9-4e47-984c-cd3810674658","status":200,"transaction_id":"2bf08672-e0ae-42cb-92af-b61203ee6cb6"}
[2025-07-31T14:50:28.662Z] [USER_ACTION] SEMPRIS_API_CALL - {"tracking_number":"1024699d-11ed-4a8c-8430-89e2c64f6038","vendor_id":"STAR"}
[2025-07-31T14:50:33.596Z] [USER_ACTION] SEMPRIS_API_RESPONSE - {"tracking_number":"1024699d-11ed-4a8c-8430-89e2c64f6038","status":200,"transaction_id":"e001a29a-ddc0-4f0c-9b6a-f837ebb6f72a"}
